<?xml version="1.0" encoding="utf-8"?><testsuites name="pytest tests"><testsuite name="pytest" errors="0" failures="0" skipped="0" tests="21" time="63.793" timestamp="2026-03-16T13:10:26.076124+00:00" hostname="agent-env-27951550-e2d0-4d95-809e-8ed7ad8346ec"><testcase classname="tests.test_ai_features.TestAIFeatures" name="test_ai_chat_default_persona" time="4.104" /><testcase classname="tests.test_ai_features.TestAIFeatures" name="test_ai_chat_creative_persona" time="6.887" /><testcase classname="tests.test_ai_features.TestAIFeatures" name="test_ai_chat_professional_persona" time="12.362" /><testcase classname="tests.test_ai_features.TestAIFeatures" name="test_ai_chat_emotional_support_persona" time="5.263" /><testcase classname="tests.test_ai_features.TestAIFeatures" name="test_ai_chat_unauthorized" time="0.134" /><testcase classname="tests.test_ai_features.TestAIFeatures" name="test_caption_generation_casual" time="1.265" /><testcase classname="tests.test_ai_features.TestAIFeatures" name="test_caption_generation_funny" time="1.139" /><testcase classname="tests.test_ai_features.TestAIFeatures" name="test_caption_generation_inspiring" time="1.138" /><testcase classname="tests.test_ai_features.TestAIFeatures" name="test_caption_generation_professional" time="1.198" /><testcase classname="tests.test_ai_features.TestAIFeatures" name="test_ai_search_basic" time="1.787" /><testcase classname="tests.test_ai_features.TestAIFeatures" name="test_ai_search_people" time="1.696" /><testcase classname="tests.test_ai_features.TestAIFeatures" name="test_quick_replies_greeting" time="0.107" /><testcase classname="tests.test_ai_features.TestAIFeatures" name="test_quick_replies_thanks" time="0.100" /><testcase classname="tests.test_ai_features.TestAIFeatures" name="test_text_suggestions_chat" time="1.226" /><testcase classname="tests.test_ai_features.TestAIFeatures" name="test_text_suggestions_post" time="1.067" /><testcase classname="tests.test_ai_features.TestAIFeatures" name="test_text_suggestions_short_text" time="0.125" /><testcase classname="tests.test_ai_features.TestAIFeatures" name="test_get_ai_personas" time="0.114" /><testcase classname="tests.test_ai_features.TestAIFeatures" name="test_get_ai_history" time="0.106" /><testcase classname="tests.test_ai_features.TestAIFeatures" name="test_clear_ai_history" time="1.329" /><testcase classname="tests.test_ai_features.TestAIFeatures" name="test_emotional_support_endpoint" time="5.995" /><testcase classname="tests.test_ai_features.TestAIFeatures" name="test_image_generation_endpoint_validation" time="16.559" /></testsuite></testsuites>