<?xml version="1.0" encoding="utf-8"?><testsuites name="pytest tests"><testsuite name="pytest" errors="0" failures="0" skipped="0" tests="13" time="4.056" timestamp="2026-03-18T00:03:20.462118+00:00" hostname="agent-env-27951550-e2d0-4d95-809e-8ed7ad8346ec"><testcase classname="backend.tests.test_call_apis.TestCallAPIs" name="test_initiate_video_call_valid" time="0.588" /><testcase classname="backend.tests.test_call_apis.TestCallAPIs" name="test_initiate_audio_call_valid" time="0.323" /><testcase classname="backend.tests.test_call_apis.TestCallAPIs" name="test_initiate_call_invalid_recipient" time="0.134" /><testcase classname="backend.tests.test_call_apis.TestCallAPIs" name="test_initiate_call_without_token" time="0.134" /><testcase classname="backend.tests.test_call_apis.TestCallAPIs" name="test_get_call_history" time="0.135" /><testcase classname="backend.tests.test_call_apis.TestCallAPIs" name="test_get_call_history_with_limit" time="0.174" /><testcase classname="backend.tests.test_call_apis.TestCallAPIs" name="test_get_call_history_without_token" time="0.130" /><testcase classname="backend.tests.test_call_apis.TestCallAPIs" name="test_end_call" time="0.415" /><testcase classname="backend.tests.test_call_apis.TestCallAPIs" name="test_end_nonexistent_call" time="0.149" /><testcase classname="backend.tests.test_call_apis.TestCallAPIs" name="test_send_call_signal" time="0.624" /><testcase classname="backend.tests.test_call_apis.TestCallAPIs" name="test_send_ice_candidate_signal" time="0.531" /><testcase classname="backend.tests.test_call_apis.TestCallDataValidation" name="test_call_history_data_structure" time="0.161" /><testcase classname="backend.tests.test_call_apis.TestCallDataValidation" name="test_initiate_call_response_structure" time="0.493" /></testsuite></testsuites>