<?xml version="1.0" encoding="utf-8"?><testsuites name="pytest tests"><testsuite name="pytest" errors="0" failures="0" skipped="0" tests="11" time="2.406" timestamp="2026-03-18T10:09:07.865184+00:00" hostname="agent-env-27951550-e2d0-4d95-809e-8ed7ad8346ec"><testcase classname="backend.tests.test_calls_api.TestCallsAPI" name="test_call_history_requires_auth" time="0.202" /><testcase classname="backend.tests.test_calls_api.TestCallsAPI" name="test_call_history_with_auth" time="0.386" /><testcase classname="backend.tests.test_calls_api.TestCallsAPI" name="test_initiate_call_requires_auth" time="0.121" /><testcase classname="backend.tests.test_calls_api.TestCallsAPI" name="test_initiate_video_call" time="0.123" /><testcase classname="backend.tests.test_calls_api.TestCallsAPI" name="test_initiate_voice_call" time="0.125" /><testcase classname="backend.tests.test_calls_api.TestCallsAPI" name="test_initiate_call_invalid_recipient" time="0.137" /><testcase classname="backend.tests.test_calls_api.TestCallsAPI" name="test_answer_call" time="0.237" /><testcase classname="backend.tests.test_calls_api.TestCallsAPI" name="test_reject_call" time="0.247" /><testcase classname="backend.tests.test_calls_api.TestCallsAPI" name="test_end_call" time="0.384" /><testcase classname="backend.tests.test_calls_api.TestCallsAPI" name="test_call_signal" time="0.258" /><testcase classname="backend.tests.test_calls_api.TestCallsAPI" name="test_call_history_includes_calls" time="0.121" /></testsuite></testsuites>