<?xml version="1.0" encoding="utf-8"?><testsuites name="pytest tests"><testsuite name="pytest" errors="0" failures="0" skipped="0" tests="39" time="10.264" timestamp="2026-03-19T19:18:46.138603+00:00" hostname="agent-env-27951550-e2d0-4d95-809e-8ed7ad8346ec"><testcase classname="backend.tests.test_chat_features_api.TestBlockFeatures" name="test_block_user" time="0.516" /><testcase classname="backend.tests.test_chat_features_api.TestBlockFeatures" name="test_block_user_already_blocked" time="0.455" /><testcase classname="backend.tests.test_chat_features_api.TestBlockFeatures" name="test_cannot_block_self" time="0.229" /><testcase classname="backend.tests.test_chat_features_api.TestBlockFeatures" name="test_unblock_user" time="0.477" /><testcase classname="backend.tests.test_chat_features_api.TestBlockFeatures" name="test_get_blocked_users_list" time="0.514" /><testcase classname="backend.tests.test_chat_features_api.TestBlockFeatures" name="test_block_invalid_token" time="0.108" /><testcase classname="backend.tests.test_chat_features_api.TestMuteFeatures" name="test_mute_conversation_forever" time="0.248" /><testcase classname="backend.tests.test_chat_features_api.TestMuteFeatures" name="test_mute_conversation_8h" time="0.247" /><testcase classname="backend.tests.test_chat_features_api.TestMuteFeatures" name="test_mute_conversation_1w" time="0.215" /><testcase classname="backend.tests.test_chat_features_api.TestMuteFeatures" name="test_unmute_conversation" time="0.343" /><testcase classname="backend.tests.test_chat_features_api.TestMuteFeatures" name="test_get_muted_conversations" time="0.351" /><testcase classname="backend.tests.test_chat_features_api.TestMuteFeatures" name="test_mute_invalid_token" time="0.115" /><testcase classname="backend.tests.test_chat_features_api.TestArchiveFeatures" name="test_archive_conversation" time="0.484" /><testcase classname="backend.tests.test_chat_features_api.TestArchiveFeatures" name="test_archive_nonexistent_conversation" time="0.220" /><testcase classname="backend.tests.test_chat_features_api.TestArchiveFeatures" name="test_unarchive_conversation" time="0.575" /><testcase classname="backend.tests.test_chat_features_api.TestArchiveFeatures" name="test_get_archived_conversations" time="0.232" /><testcase classname="backend.tests.test_chat_features_api.TestArchiveFeatures" name="test_archive_invalid_token" time="0.115" /><testcase classname="backend.tests.test_chat_features_api.TestStarFeatures" name="test_star_message_not_found" time="0.210" /><testcase classname="backend.tests.test_chat_features_api.TestStarFeatures" name="test_unstar_message" time="0.216" /><testcase classname="backend.tests.test_chat_features_api.TestStarFeatures" name="test_get_starred_messages" time="0.250" /><testcase classname="backend.tests.test_chat_features_api.TestStarFeatures" name="test_star_invalid_token" time="0.093" /><testcase classname="backend.tests.test_chat_features_api.TestNicknameFeatures" name="test_set_nickname_conversation_not_found" time="0.238" /><testcase classname="backend.tests.test_chat_features_api.TestNicknameFeatures" name="test_set_nickname_valid_conversation" time="0.515" /><testcase classname="backend.tests.test_chat_features_api.TestNicknameFeatures" name="test_nickname_invalid_token" time="0.115" /><testcase classname="backend.tests.test_chat_features_api.TestGamingAPI" name="test_gaming_discover_returns_games" time="0.260" /><testcase classname="backend.tests.test_chat_features_api.TestGamingAPI" name="test_gaming_discover_with_genre_filter" time="0.219" /><testcase classname="backend.tests.test_chat_features_api.TestGamingAPI" name="test_gaming_discover_invalid_token" time="0.133" /><testcase classname="backend.tests.test_chat_features_api.TestGamingAPI" name="test_gaming_genres" time="0.229" /><testcase classname="backend.tests.test_chat_features_api.TestGamingAPI" name="test_gaming_streams" time="0.249" /><testcase classname="backend.tests.test_chat_features_api.TestMarketplaceAPI" name="test_marketplace_listings" time="0.260" /><testcase classname="backend.tests.test_chat_features_api.TestMarketplaceAPI" name="test_marketplace_categories" time="0.239" /><testcase classname="backend.tests.test_chat_features_api.TestMarketplaceAPI" name="test_marketplace_listings_with_filters" time="0.215" /><testcase classname="backend.tests.test_chat_features_api.TestMarketplaceAPI" name="test_marketplace_invalid_token" time="0.153" /><testcase classname="backend.tests.test_chat_features_api.TestWatchAPI" name="test_watch_feed" time="0.222" /><testcase classname="backend.tests.test_chat_features_api.TestWatchAPI" name="test_watch_categories" time="0.262" /><testcase classname="backend.tests.test_chat_features_api.TestWatchAPI" name="test_watch_feed_with_category" time="0.221" /><testcase classname="backend.tests.test_chat_features_api.TestWatchAPI" name="test_watch_invalid_token" time="0.118" /><testcase classname="backend.tests.test_chat_features_api.TestAuthAndHealthCheck" name="test_health_check" time="0.112" /><testcase classname="backend.tests.test_chat_features_api.TestAuthAndHealthCheck" name="test_existing_user_login" time="0.219" /></testsuite></testsuites>