<?xml version="1.0" encoding="utf-8"?><testsuites name="pytest tests"><testsuite name="pytest" errors="0" failures="0" skipped="0" tests="18" time="4.042" timestamp="2026-03-17T12:56:38.133172+00:00" hostname="agent-env-27951550-e2d0-4d95-809e-8ed7ad8346ec"><testcase classname="backend.tests.test_chat_media_features.TestHealthCheck" name="test_api_health" time="0.151" /><testcase classname="backend.tests.test_chat_media_features.TestAuthenticationFlow" name="test_login_user1" time="0.110" /><testcase classname="backend.tests.test_chat_media_features.TestAuthenticationFlow" name="test_login_user2" time="0.117" /><testcase classname="backend.tests.test_chat_media_features.TestConversationsAPI" name="test_get_conversations" time="0.206" /><testcase classname="backend.tests.test_chat_media_features.TestConversationsAPI" name="test_get_specific_conversation" time="0.113" /><testcase classname="backend.tests.test_chat_media_features.TestMessageTypesAPI" name="test_send_gif_message" time="0.108" /><testcase classname="backend.tests.test_chat_media_features.TestMessageTypesAPI" name="test_send_sticker_message" time="0.129" /><testcase classname="backend.tests.test_chat_media_features.TestMessageTypesAPI" name="test_send_location_message_with_metadata" time="0.132" /><testcase classname="backend.tests.test_chat_media_features.TestMessageTypesAPI" name="test_get_messages_includes_special_types" time="0.109" /><testcase classname="backend.tests.test_chat_media_features.TestFileUploadAPI" name="test_file_upload_endpoint_exists" time="0.113" /><testcase classname="backend.tests.test_chat_media_features.TestAIEffectsAPI" name="test_list_available_effects" time="0.349" /><testcase classname="backend.tests.test_chat_media_features.TestAIEffectsAPI" name="test_apply_ai_effect_beauty" time="0.420" /><testcase classname="backend.tests.test_chat_media_features.TestAIEffectsAPI" name="test_apply_ai_effect_background" time="0.341" /><testcase classname="backend.tests.test_chat_media_features.TestAIEffectsAPI" name="test_remove_ai_effect" time="0.452" /><testcase classname="backend.tests.test_chat_media_features.TestCallsAPI" name="test_initiate_video_call" time="0.423" /><testcase classname="backend.tests.test_chat_media_features.TestCallsAPI" name="test_initiate_voice_call" time="0.349" /><testcase classname="backend.tests.test_chat_media_features.TestCallsAPI" name="test_call_history" time="0.121" /><testcase classname="backend.tests.test_chat_media_features.TestMessageDeletion" name="test_delete_own_message" time="0.218" /></testsuite></testsuites>