<?xml version="1.0" encoding="utf-8"?><testsuites name="pytest tests"><testsuite name="pytest" errors="0" failures="1" skipped="0" tests="12" time="1.474" timestamp="2026-03-16T12:40:33.953015+00:00" hostname="agent-env-27951550-e2d0-4d95-809e-8ed7ad8346ec"><testcase classname="backend.tests.test_chat_enhancements.TestMessageAPI" name="test_send_text_message" time="0.365" /><testcase classname="backend.tests.test_chat_enhancements.TestMessageAPI" name="test_send_gif_message" time="0.052" /><testcase classname="backend.tests.test_chat_enhancements.TestMessageAPI" name="test_send_sticker_message" time="0.067" /><testcase classname="backend.tests.test_chat_enhancements.TestMessageAPI" name="test_get_messages" time="0.058" /><testcase classname="backend.tests.test_chat_enhancements.TestMessageDeletion" name="test_delete_own_message" time="0.169" /><testcase classname="backend.tests.test_chat_enhancements.TestMessageDeletion" name="test_deleted_message_shows_placeholder" time="0.204" /><testcase classname="backend.tests.test_chat_enhancements.TestConversationDeletion" name="test_delete_conversation" time="0.171"><failure message="AssertionError: Delete failed: 403: {&quot;detail&quot;:&quot;Not a participant in this conversation&quot;}&#10;assert 403 == 200&#10; +  where 403 = &lt;Response [403]&gt;.status_code">backend/tests/test_chat_enhancements.py:241: in test_delete_conversation
    assert delete_resp.status_code == 200, f"Delete failed: {delete_resp.status_code}: {delete_resp.text}"
E   AssertionError: Delete failed: 403: {"detail":"Not a participant in this conversation"}
E   assert 403 == 200
E    +  where 403 = &lt;Response [403]&gt;.status_code</failure></testcase><testcase classname="backend.tests.test_chat_enhancements.TestConversationAPI" name="test_get_conversations_list" time="0.055" /><testcase classname="backend.tests.test_chat_enhancements.TestConversationAPI" name="test_conversation_has_participants" time="0.061" /><testcase classname="backend.tests.test_chat_enhancements.TestConversationAPI" name="test_conversation_participants_have_online_status" time="0.053" /><testcase classname="backend.tests.test_chat_enhancements.TestUserAPI" name="test_get_users_list" time="0.056" /><testcase classname="backend.tests.test_chat_enhancements.TestUserAPI" name="test_users_have_avatar" time="0.059" /></testsuite></testsuites>