<?xml version="1.0" encoding="utf-8"?><testsuites name="pytest tests"><testsuite name="pytest" errors="0" failures="0" skipped="0" tests="16" time="4.514" timestamp="2026-03-30T21:40:40.672932+00:00" hostname="agent-env-27951550-e2d0-4d95-809e-8ed7ad8346ec"><testcase classname="backend.tests.test_dating_api.TestDatingAPI" name="test_create_dating_profile" time="0.288" /><testcase classname="backend.tests.test_dating_api.TestDatingAPI" name="test_get_my_dating_profile" time="0.327" /><testcase classname="backend.tests.test_dating_api.TestDatingAPI" name="test_discover_profiles" time="0.250" /><testcase classname="backend.tests.test_dating_api.TestDatingAPI" name="test_discover_friendship_mode" time="0.244" /><testcase classname="backend.tests.test_dating_api.TestDatingAPI" name="test_like_profile" time="0.292" /><testcase classname="backend.tests.test_dating_api.TestDatingAPI" name="test_super_like_profile" time="0.287" /><testcase classname="backend.tests.test_dating_api.TestDatingAPI" name="test_pass_profile" time="0.322" /><testcase classname="backend.tests.test_dating_api.TestDatingAPI" name="test_get_matches" time="0.243" /><testcase classname="backend.tests.test_dating_api.TestDatingAPI" name="test_get_likes_you" time="0.233" /><testcase classname="backend.tests.test_dating_api.TestDatingAPI" name="test_add_secret_crush" time="0.258" /><testcase classname="backend.tests.test_dating_api.TestDatingAPI" name="test_get_secret_crushes" time="0.216" /><testcase classname="backend.tests.test_dating_api.TestDatingAPI" name="test_delete_secret_crush" time="0.323" /><testcase classname="backend.tests.test_dating_api.TestDatingAPI" name="test_secret_crush_limit" time="0.219" /><testcase classname="backend.tests.test_dating_api.TestDatingAPI" name="test_unauthorized_access" time="0.328" /><testcase classname="backend.tests.test_dating_api.TestDatingProfileUpdate" name="test_update_profile_bio" time="0.339" /><testcase classname="backend.tests.test_dating_api.TestDatingProfileUpdate" name="test_update_profile_preferences" time="0.257" /></testsuite></testsuites>