<?xml version="1.0" encoding="utf-8"?><testsuites name="pytest tests"><testsuite name="pytest" errors="0" failures="0" skipped="0" tests="25" time="4.026" timestamp="2026-03-17T23:15:43.690907+00:00" hostname="agent-env-27951550-e2d0-4d95-809e-8ed7ad8346ec"><testcase classname="backend.tests.test_export_face_compare.TestDataExportAPIs" name="test_export_profile_json" time="0.428" /><testcase classname="backend.tests.test_export_face_compare.TestDataExportAPIs" name="test_export_profile_csv" time="0.140" /><testcase classname="backend.tests.test_export_face_compare.TestDataExportAPIs" name="test_export_profile_pdf" time="0.128" /><testcase classname="backend.tests.test_export_face_compare.TestDataExportAPIs" name="test_export_profile_invalid_token" time="0.119" /><testcase classname="backend.tests.test_export_face_compare.TestDataExportAPIs" name="test_export_posts_json" time="0.122" /><testcase classname="backend.tests.test_export_face_compare.TestDataExportAPIs" name="test_export_posts_csv" time="0.160" /><testcase classname="backend.tests.test_export_face_compare.TestDataExportAPIs" name="test_export_posts_pdf" time="0.112" /><testcase classname="backend.tests.test_export_face_compare.TestDataExportAPIs" name="test_export_conversations_json" time="0.156" /><testcase classname="backend.tests.test_export_face_compare.TestDataExportAPIs" name="test_export_conversations_csv" time="0.112" /><testcase classname="backend.tests.test_export_face_compare.TestDataExportAPIs" name="test_export_conversations_pdf" time="0.172" /><testcase classname="backend.tests.test_export_face_compare.TestDataExportAPIs" name="test_export_all_json" time="0.123" /><testcase classname="backend.tests.test_export_face_compare.TestDataExportAPIs" name="test_export_all_pdf" time="0.132" /><testcase classname="backend.tests.test_export_face_compare.TestDataExportAPIs" name="test_export_all_invalid_token" time="0.134" /><testcase classname="backend.tests.test_export_face_compare.TestFaceComparisonAPIs" name="test_threshold_info" time="0.117" /><testcase classname="backend.tests.test_export_face_compare.TestFaceComparisonAPIs" name="test_face_compare_valid_descriptors" time="0.257" /><testcase classname="backend.tests.test_export_face_compare.TestFaceComparisonAPIs" name="test_face_compare_different_faces" time="0.206" /><testcase classname="backend.tests.test_export_face_compare.TestFaceComparisonAPIs" name="test_face_compare_missing_descriptors" time="0.118" /><testcase classname="backend.tests.test_export_face_compare.TestFaceComparisonAPIs" name="test_face_compare_wrong_dimensions" time="0.138" /><testcase classname="backend.tests.test_export_face_compare.TestFaceComparisonAPIs" name="test_face_compare_invalid_token" time="0.122" /><testcase classname="backend.tests.test_export_face_compare.TestFaceComparisonAPIs" name="test_face_compare_history" time="0.129" /><testcase classname="backend.tests.test_export_face_compare.TestFaceComparisonAPIs" name="test_face_compare_history_invalid_token" time="0.112" /><testcase classname="backend.tests.test_export_face_compare.TestFaceComparisonAPIs" name="test_face_compare_clear_history" time="0.224" /><testcase classname="backend.tests.test_export_face_compare.TestEdgeCases" name="test_export_with_default_format" time="0.236" /><testcase classname="backend.tests.test_export_face_compare.TestEdgeCases" name="test_export_with_invalid_format" time="0.127" /><testcase classname="backend.tests.test_export_face_compare.TestEdgeCases" name="test_face_compare_empty_descriptors" time="0.108" /></testsuite></testsuites>