<?xml version="1.0" encoding="utf-8"?><testsuites name="pytest tests"><testsuite name="pytest" errors="0" failures="0" skipped="0" tests="26" time="7.914" timestamp="2026-03-14T18:31:42.979252+00:00" hostname="agent-env-27951550-e2d0-4d95-809e-8ed7ad8346ec"><testcase classname="tests.test_friends_posts.TestUserAuthFlow" name="test_health_check" time="0.295" /><testcase classname="tests.test_friends_posts.TestUserAuthFlow" name="test_register_new_user" time="0.136" /><testcase classname="tests.test_friends_posts.TestUserAuthFlow" name="test_register_duplicate_user" time="0.105" /><testcase classname="tests.test_friends_posts.TestUserAuthFlow" name="test_login_valid_credentials" time="0.113" /><testcase classname="tests.test_friends_posts.TestUserAuthFlow" name="test_login_invalid_credentials" time="3.418" /><testcase classname="tests.test_friends_posts.TestUserAuthFlow" name="test_get_current_user" time="0.118" /><testcase classname="tests.test_friends_posts.TestUserAuthFlow" name="test_get_current_user_invalid_token" time="0.111" /><testcase classname="tests.test_friends_posts.TestUserSearch" name="test_search_users_endpoint" time="0.374" /><testcase classname="tests.test_friends_posts.TestUserSearch" name="test_search_users_short_query" time="0.236" /><testcase classname="tests.test_friends_posts.TestUserSearch" name="test_search_users_unauthorized" time="0.256" /><testcase classname="tests.test_friends_posts.TestFriendsFlow" name="test_01_get_friends_empty" time="0.345" /><testcase classname="tests.test_friends_posts.TestFriendsFlow" name="test_02_send_friend_request" time="0.109" /><testcase classname="tests.test_friends_posts.TestFriendsFlow" name="test_03_duplicate_friend_request" time="0.107" /><testcase classname="tests.test_friends_posts.TestFriendsFlow" name="test_04_get_pending_requests" time="0.109" /><testcase classname="tests.test_friends_posts.TestFriendsFlow" name="test_05_get_sent_requests" time="0.114" /><testcase classname="tests.test_friends_posts.TestFriendsFlow" name="test_06_accept_friend_request" time="0.145" /><testcase classname="tests.test_friends_posts.TestFriendsFlow" name="test_07_verify_friendship" time="0.224" /><testcase classname="tests.test_friends_posts.TestFriendsFlow" name="test_08_decline_friend_request" time="0.333" /><testcase classname="tests.test_friends_posts.TestFriendsFlow" name="test_09_remove_friend" time="0.210" /><testcase classname="tests.test_friends_posts.TestPostsAndStories" name="test_01_create_text_post" time="0.238" /><testcase classname="tests.test_friends_posts.TestPostsAndStories" name="test_02_create_story" time="0.117" /><testcase classname="tests.test_friends_posts.TestPostsAndStories" name="test_03_get_posts_feed" time="0.105" /><testcase classname="tests.test_friends_posts.TestPostsAndStories" name="test_04_get_stories_only" time="0.117" /><testcase classname="tests.test_friends_posts.TestPostsAndStories" name="test_05_create_post_unauthorized" time="0.123" /><testcase classname="tests.test_friends_posts.TestExistingTestUsers" name="test_login_alice" time="0.139" /><testcase classname="tests.test_friends_posts.TestExistingTestUsers" name="test_login_bob" time="0.130" /></testsuite></testsuites>