<?xml version="1.0" encoding="utf-8"?><testsuites name="pytest tests"><testsuite name="pytest" errors="0" failures="0" skipped="0" tests="21" time="3.236" timestamp="2026-03-19T09:17:52.260984+00:00" hostname="agent-env-27951550-e2d0-4d95-809e-8ed7ad8346ec"><testcase classname="backend.tests.test_gaming_groups_memories.TestGamingDiscoverAPI" name="test_gaming_discover_returns_200" time="0.240" /><testcase classname="backend.tests.test_gaming_groups_memories.TestGamingDiscoverAPI" name="test_gaming_discover_returns_games_array" time="0.145" /><testcase classname="backend.tests.test_gaming_groups_memories.TestGamingDiscoverAPI" name="test_gaming_discover_game_structure" time="0.105" /><testcase classname="backend.tests.test_gaming_groups_memories.TestGamingDiscoverAPI" name="test_gaming_discover_invalid_token" time="0.117" /><testcase classname="backend.tests.test_gaming_groups_memories.TestGamingStreamsAPI" name="test_gaming_streams_returns_200" time="0.099" /><testcase classname="backend.tests.test_gaming_groups_memories.TestGamingStreamsAPI" name="test_gaming_streams_returns_streams_array" time="0.096" /><testcase classname="backend.tests.test_gaming_groups_memories.TestGamingStreamsAPI" name="test_gaming_streams_structure" time="0.101" /><testcase classname="backend.tests.test_gaming_groups_memories.TestGamingStreamsAPI" name="test_gaming_streams_invalid_token" time="0.094" /><testcase classname="backend.tests.test_gaming_groups_memories.TestSocialGroupsAPI" name="test_social_groups_returns_200" time="0.110" /><testcase classname="backend.tests.test_gaming_groups_memories.TestSocialGroupsAPI" name="test_social_groups_returns_groups_array" time="0.090" /><testcase classname="backend.tests.test_gaming_groups_memories.TestSocialGroupsAPI" name="test_social_groups_structure" time="0.112" /><testcase classname="backend.tests.test_gaming_groups_memories.TestSocialGroupsAPI" name="test_social_groups_has_member_groups" time="0.101" /><testcase classname="backend.tests.test_gaming_groups_memories.TestSocialGroupsAPI" name="test_social_groups_invalid_token" time="0.105" /><testcase classname="backend.tests.test_gaming_groups_memories.TestSocialGroupsAPI" name="test_social_groups_search" time="0.144" /><testcase classname="backend.tests.test_gaming_groups_memories.TestMemoriesAPI" name="test_memories_returns_200" time="0.107" /><testcase classname="backend.tests.test_gaming_groups_memories.TestMemoriesAPI" name="test_memories_returns_memories_array" time="0.097" /><testcase classname="backend.tests.test_gaming_groups_memories.TestMemoriesAPI" name="test_memories_structure" time="0.124" /><testcase classname="backend.tests.test_gaming_groups_memories.TestMemoriesAPI" name="test_memories_post_structure" time="0.102" /><testcase classname="backend.tests.test_gaming_groups_memories.TestMemoriesAPI" name="test_memories_invalid_token" time="0.117" /><testcase classname="backend.tests.test_gaming_groups_memories.TestMockDataIntegration" name="test_all_apis_return_mock_data_for_new_user" time="0.540" /><testcase classname="backend.tests.test_gaming_groups_memories.TestMockDataIntegration" name="test_mock_data_has_correct_id_format" time="0.420" /></testsuite></testsuites>