<?xml version="1.0" encoding="utf-8"?><testsuites name="pytest tests"><testsuite name="pytest" errors="0" failures="0" skipped="0" tests="27" time="5.503" timestamp="2026-03-17T23:00:32.742990+00:00" hostname="agent-env-27951550-e2d0-4d95-809e-8ed7ad8346ec"><testcase classname="tests.test_group_chat_apis.TestGroupChatAPIs" name="test_01_create_group_success" time="0.632" /><testcase classname="tests.test_group_chat_apis.TestGroupChatAPIs" name="test_02_create_group_without_name_fails" time="0.171" /><testcase classname="tests.test_group_chat_apis.TestGroupChatAPIs" name="test_03_create_group_without_participants_fails" time="0.147" /><testcase classname="tests.test_group_chat_apis.TestGroupChatAPIs" name="test_04_create_group_unauthorized" time="0.138" /><testcase classname="tests.test_group_chat_apis.TestGroupChatAPIs" name="test_05_list_groups_success" time="0.145" /><testcase classname="tests.test_group_chat_apis.TestGroupChatAPIs" name="test_06_list_groups_for_member" time="0.165" /><testcase classname="tests.test_group_chat_apis.TestGroupChatAPIs" name="test_07_list_groups_unauthorized" time="0.148" /><testcase classname="tests.test_group_chat_apis.TestGroupChatAPIs" name="test_08_get_group_details_success" time="0.133" /><testcase classname="tests.test_group_chat_apis.TestGroupChatAPIs" name="test_09_get_group_details_as_member" time="0.141" /><testcase classname="tests.test_group_chat_apis.TestGroupChatAPIs" name="test_10_get_group_details_nonexistent" time="0.147" /><testcase classname="tests.test_group_chat_apis.TestGroupChatAPIs" name="test_11_update_group_by_admin" time="0.190" /><testcase classname="tests.test_group_chat_apis.TestGroupChatAPIs" name="test_12_update_group_by_non_admin_fails" time="0.150" /><testcase classname="tests.test_group_chat_apis.TestGroupChatAPIs" name="test_13_make_admin" time="0.164" /><testcase classname="tests.test_group_chat_apis.TestGroupChatAPIs" name="test_14_verify_new_admin_can_update" time="0.168" /><testcase classname="tests.test_group_chat_apis.TestGroupChatAPIs" name="test_15_remove_admin" time="0.150" /><testcase classname="tests.test_group_chat_apis.TestGroupChatAPIs" name="test_16_verify_removed_admin_cannot_update" time="0.161" /><testcase classname="tests.test_group_chat_apis.TestGroupChatAPIs" name="test_17_add_member" time="0.285" /><testcase classname="tests.test_group_chat_apis.TestGroupChatAPIs" name="test_18_add_member_by_non_admin_fails" time="0.151" /><testcase classname="tests.test_group_chat_apis.TestGroupChatAPIs" name="test_19_remove_member_by_admin" time="0.277" /><testcase classname="tests.test_group_chat_apis.TestGroupChatAPIs" name="test_20_leave_group" time="0.156" /><testcase classname="tests.test_group_chat_apis.TestGroupChatAPIs" name="test_21_verify_left_member_cannot_access" time="0.190" /><testcase classname="tests.test_group_chat_apis.TestGroupChatAPIs" name="test_22_leave_nonexistent_group_fails" time="0.157" /><testcase classname="tests.test_group_chat_apis.TestGroupChatAPIs" name="test_23_delete_group_by_non_creator_fails" time="0.319" /><testcase classname="tests.test_group_chat_apis.TestGroupChatAPIs" name="test_24_delete_group_by_creator" time="0.141" /><testcase classname="tests.test_group_chat_apis.TestGroupChatAPIs" name="test_25_verify_deleted_group_not_accessible" time="0.138" /><testcase classname="tests.test_group_chat_apis.TestGroupChatEdgeCases" name="test_invalid_group_id_format" time="0.290" /><testcase classname="tests.test_group_chat_apis.TestGroupChatEdgeCases" name="test_add_nonexistent_user_to_group" time="0.366" /></testsuite></testsuites>