<?xml version="1.0" encoding="utf-8"?><testsuites name="pytest tests"><testsuite name="pytest" errors="0" failures="0" skipped="0" tests="13" time="3.382" timestamp="2026-03-16T09:16:41.052826+00:00" hostname="agent-env-27951550-e2d0-4d95-809e-8ed7ad8346ec"><testcase classname="backend.tests.test_home_feed.TestHomeFeed" name="test_feed_home_returns_200" time="0.247" /><testcase classname="backend.tests.test_home_feed.TestHomeFeed" name="test_feed_home_structure" time="0.219" /><testcase classname="backend.tests.test_home_feed.TestHomeFeed" name="test_feed_home_unauthorized" time="0.202" /><testcase classname="backend.tests.test_home_feed.TestHomeFeed" name="test_create_story_appears_in_feed" time="0.348" /><testcase classname="backend.tests.test_home_feed.TestHomeFeed" name="test_create_post_appears_in_feed" time="0.326" /><testcase classname="backend.tests.test_home_feed.TestHomeFeed" name="test_post_like_updates_count" time="0.308" /><testcase classname="backend.tests.test_home_feed.TestHomeFeed" name="test_post_unlike" time="0.426" /><testcase classname="backend.tests.test_home_feed.TestHomeFeed" name="test_story_has_viewed_field" time="0.334" /><testcase classname="backend.tests.test_home_feed.TestHomeFeed" name="test_highlighted_posts_have_required_fields" time="0.208" /><testcase classname="backend.tests.test_home_feed.TestHomeFeed" name="test_view_story_marks_as_viewed" time="0.298" /><testcase classname="backend.tests.test_home_feed.TestReelsPreview" name="test_reels_preview_fields" time="0.204" /><testcase classname="backend.tests.test_home_feed.TestNavigation" name="test_home_route_accessible" time="0.099" /><testcase classname="backend.tests.test_home_feed.TestNavigation" name="test_profiles_route_api" time="0.095" /></testsuite></testsuites>