<?xml version="1.0" encoding="utf-8"?><testsuites name="pytest tests"><testsuite name="pytest" errors="0" failures="0" skipped="0" tests="31" time="8.490" timestamp="2026-03-17T22:46:36.885077+00:00" hostname="agent-env-27951550-e2d0-4d95-809e-8ed7ad8346ec"><testcase classname="tests.test_live_stream_apis.TestStreamAPIs" name="test_01_create_stream" time="0.382" /><testcase classname="tests.test_live_stream_apis.TestStreamAPIs" name="test_02_get_live_streams" time="0.230" /><testcase classname="tests.test_live_stream_apis.TestStreamAPIs" name="test_03_get_stream_details" time="0.243" /><testcase classname="tests.test_live_stream_apis.TestStreamAPIs" name="test_04_send_stream_chat" time="0.418" /><testcase classname="tests.test_live_stream_apis.TestStreamAPIs" name="test_05_send_stream_reaction_heart" time="0.271" /><testcase classname="tests.test_live_stream_apis.TestStreamAPIs" name="test_06_send_stream_reaction_fire" time="0.251" /><testcase classname="tests.test_live_stream_apis.TestStreamAPIs" name="test_07_send_stream_reaction_clap" time="0.270" /><testcase classname="tests.test_live_stream_apis.TestStreamAPIs" name="test_08_send_stream_reaction_laugh" time="0.288" /><testcase classname="tests.test_live_stream_apis.TestStreamAPIs" name="test_09_send_stream_reaction_wow" time="0.271" /><testcase classname="tests.test_live_stream_apis.TestStreamAPIs" name="test_10_send_stream_reaction_invalid" time="0.259" /><testcase classname="tests.test_live_stream_apis.TestStreamAPIs" name="test_11_send_webrtc_signal" time="0.217" /><testcase classname="tests.test_live_stream_apis.TestStreamAPIs" name="test_12_send_stream_gift" time="0.270" /><testcase classname="tests.test_live_stream_apis.TestStreamAPIs" name="test_13_send_stream_gift_diamond" time="0.237" /><testcase classname="tests.test_live_stream_apis.TestStreamAPIs" name="test_14_leave_stream" time="0.289" /><testcase classname="tests.test_live_stream_apis.TestStreamAPIs" name="test_15_join_stream" time="0.232" /><testcase classname="tests.test_live_stream_apis.TestStreamAPIs" name="test_16_end_stream" time="0.275" /><testcase classname="tests.test_live_stream_apis.TestStreamAPIs" name="test_17_delete_stream" time="0.362" /><testcase classname="tests.test_live_stream_apis.TestModularLivestreamAPI" name="test_01_get_active_streams" time="0.215" /><testcase classname="tests.test_live_stream_apis.TestModularLivestreamAPI" name="test_02_start_stream_modular" time="0.283" /><testcase classname="tests.test_live_stream_apis.TestModularLivestreamAPI" name="test_03_get_stream_modular" time="0.298" /><testcase classname="tests.test_live_stream_apis.TestModularLivestreamAPI" name="test_04_stream_chat_modular" time="0.270" /><testcase classname="tests.test_live_stream_apis.TestModularLivestreamAPI" name="test_05_end_stream_modular" time="0.234" /><testcase classname="tests.test_live_stream_apis.TestAuthAPIs" name="test_login" time="0.145" /><testcase classname="tests.test_live_stream_apis.TestAuthAPIs" name="test_auth_me" time="0.261" /><testcase classname="tests.test_live_stream_apis.TestReelsAPIs" name="test_get_reels" time="0.236" /><testcase classname="tests.test_live_stream_apis.TestReelsAPIs" name="test_reels_unauthorized" time="0.250" /><testcase classname="tests.test_live_stream_apis.TestPostsAPIs" name="test_get_posts" time="0.247" /><testcase classname="tests.test_live_stream_apis.TestPostsAPIs" name="test_home_feed" time="0.239" /><testcase classname="tests.test_live_stream_apis.TestStreamErrorCases" name="test_get_nonexistent_stream" time="0.239" /><testcase classname="tests.test_live_stream_apis.TestStreamErrorCases" name="test_chat_on_ended_stream" time="0.467" /><testcase classname="tests.test_live_stream_apis.TestStreamErrorCases" name="test_unauthorized_stream_access" time="0.253" /></testsuite></testsuites>