<?xml version="1.0" encoding="utf-8"?><testsuites name="pytest tests"><testsuite name="pytest" errors="0" failures="0" skipped="0" tests="16" time="4.121" timestamp="2026-03-17T22:30:35.937445+00:00" hostname="agent-env-27951550-e2d0-4d95-809e-8ed7ad8346ec"><testcase classname="tests.test_modular_routes_integration.TestAuthEndpoints" name="test_login_success" time="0.307" /><testcase classname="tests.test_modular_routes_integration.TestAuthEndpoints" name="test_login_invalid_credentials" time="0.123" /><testcase classname="tests.test_modular_routes_integration.TestAuthEndpoints" name="test_auth_me_valid_token" time="0.230" /><testcase classname="tests.test_modular_routes_integration.TestAuthEndpoints" name="test_auth_me_invalid_token" time="0.122" /><testcase classname="tests.test_modular_routes_integration.TestAuthEndpoints" name="test_register_duplicate_user" time="0.114" /><testcase classname="tests.test_modular_routes_integration.TestModularChatRoutes" name="test_get_conversations_modular" time="0.319" /><testcase classname="tests.test_modular_routes_integration.TestModularChatRoutes" name="test_get_conversations_old_route" time="0.295" /><testcase classname="tests.test_modular_routes_integration.TestModularChatRoutes" name="test_conversation_unauthorized" time="0.318" /><testcase classname="tests.test_modular_routes_integration.TestModularPostsRoutes" name="test_get_posts_modular" time="0.407" /><testcase classname="tests.test_modular_routes_integration.TestModularPostsRoutes" name="test_get_posts_old_route" time="0.240" /><testcase classname="tests.test_modular_routes_integration.TestModularPostsRoutes" name="test_posts_unauthorized" time="0.287" /><testcase classname="tests.test_modular_routes_integration.TestModularLivestreamRoutes" name="test_get_active_streams_modular" time="0.224" /><testcase classname="tests.test_modular_routes_integration.TestModularLivestreamRoutes" name="test_livestream_unauthorized" time="0.292" /><testcase classname="tests.test_modular_routes_integration.TestOtherRoutes" name="test_reels_endpoint" time="0.244" /><testcase classname="tests.test_modular_routes_integration.TestOtherRoutes" name="test_users_endpoint" time="0.272" /><testcase classname="tests.test_modular_routes_integration.TestOtherRoutes" name="test_root_api_endpoint" time="0.266" /></testsuite></testsuites>