<?xml version="1.0" encoding="utf-8"?><testsuites name="pytest tests"><testsuite name="pytest" errors="0" failures="0" skipped="0" tests="20" time="4.109" timestamp="2026-03-17T13:25:57.033748+00:00" hostname="agent-env-27951550-e2d0-4d95-809e-8ed7ad8346ec"><testcase classname="backend.tests.test_new_nav_features.TestAuth" name="test_login_user1" time="0.248" /><testcase classname="backend.tests.test_new_nav_features.TestPostReactions" name="test_react_like" time="0.421" /><testcase classname="backend.tests.test_new_nav_features.TestPostReactions" name="test_react_love" time="0.142" /><testcase classname="backend.tests.test_new_nav_features.TestPostReactions" name="test_react_haha" time="0.141" /><testcase classname="backend.tests.test_new_nav_features.TestPostReactions" name="test_react_wow" time="0.129" /><testcase classname="backend.tests.test_new_nav_features.TestPostReactions" name="test_react_sad" time="0.150" /><testcase classname="backend.tests.test_new_nav_features.TestPostReactions" name="test_react_angry" time="0.143" /><testcase classname="backend.tests.test_new_nav_features.TestPostReactions" name="test_react_fire" time="0.126" /><testcase classname="backend.tests.test_new_nav_features.TestPostReactions" name="test_react_clap" time="0.142" /><testcase classname="backend.tests.test_new_nav_features.TestPostReactions" name="test_invalid_reaction_type" time="0.120" /><testcase classname="backend.tests.test_new_nav_features.TestPostReactions" name="test_get_reactions" time="0.173" /><testcase classname="backend.tests.test_new_nav_features.TestPostHighlight" name="test_highlight_post_default_duration" time="0.427" /><testcase classname="backend.tests.test_new_nav_features.TestPostHighlight" name="test_highlight_post_custom_duration" time="0.161" /><testcase classname="backend.tests.test_new_nav_features.TestPostHighlight" name="test_highlight_response_includes_expires_at" time="0.127" /><testcase classname="backend.tests.test_new_nav_features.TestPostCountLimit" name="test_get_post_count" time="0.402" /><testcase classname="backend.tests.test_new_nav_features.TestPostCountLimit" name="test_post_limit_enforced" time="0.129" /><testcase classname="backend.tests.test_new_nav_features.TestReelsPageFeatures" name="test_get_reels_feed" time="0.245" /><testcase classname="backend.tests.test_new_nav_features.TestUniversalSearch" name="test_search_all_categories" time="0.297" /><testcase classname="backend.tests.test_new_nav_features.TestUniversalSearch" name="test_search_users_only" time="0.132" /><testcase classname="backend.tests.test_new_nav_features.TestHealthCheck" name="test_api_accessible" time="0.170" /></testsuite></testsuites>