<?xml version="1.0" encoding="utf-8"?><testsuites name="pytest tests"><testsuite name="pytest" errors="0" failures="0" skipped="0" tests="10" time="3.198" timestamp="2026-03-16T12:30:10.475154+00:00" hostname="agent-env-27951550-e2d0-4d95-809e-8ed7ad8346ec"><testcase classname="backend.tests.test_new_feed_features.TestHomeFeedFeatures" name="test_feed_returns_live_streams_array" time="0.236" /><testcase classname="backend.tests.test_new_feed_features.TestHomeFeedFeatures" name="test_feed_sort_by_recent" time="0.620" /><testcase classname="backend.tests.test_new_feed_features.TestHomeFeedFeatures" name="test_feed_sort_by_popular" time="0.217" /><testcase classname="backend.tests.test_new_feed_features.TestHomeFeedFeatures" name="test_live_stream_structure" time="0.277" /><testcase classname="backend.tests.test_new_feed_features.TestDeleteEndpoints" name="test_delete_story_endpoint_exists" time="0.338" /><testcase classname="backend.tests.test_new_feed_features.TestDeleteEndpoints" name="test_delete_story_unauthorized" time="0.450" /><testcase classname="backend.tests.test_new_feed_features.TestDeleteEndpoints" name="test_delete_stream_endpoint_exists" time="0.210" /><testcase classname="backend.tests.test_new_feed_features.TestDeleteEndpoints" name="test_delete_reel_endpoint_exists" time="0.350" /><testcase classname="backend.tests.test_new_feed_features.TestStoryInFeed" name="test_stories_in_feed" time="0.232" /><testcase classname="backend.tests.test_new_feed_features.TestReelsDeleteInPage" name="test_reels_list_endpoint" time="0.213" /></testsuite></testsuites>