<?xml version="1.0" encoding="utf-8"?><testsuites name="pytest tests"><testsuite name="pytest" errors="0" failures="0" skipped="0" tests="10" time="13.006" timestamp="2026-03-14T03:16:56.912358+00:00" hostname="agent-env-27951550-e2d0-4d95-809e-8ed7ad8346ec"><testcase classname="backend.tests.test_online_status.TestUserOnlineStatus" name="test_user_response_contains_is_online_field" time="1.393" /><testcase classname="backend.tests.test_online_status.TestUserOnlineStatus" name="test_user_response_contains_last_seen_field" time="1.429" /><testcase classname="backend.tests.test_online_status.TestUserOnlineStatus" name="test_users_list_includes_online_status" time="1.577" /><testcase classname="backend.tests.test_online_status.TestUserOnlineStatus" name="test_get_specific_user_includes_online_status" time="1.845" /><testcase classname="backend.tests.test_online_status.TestUserOnlineStatus" name="test_conversation_participants_include_online_status" time="1.726" /><testcase classname="backend.tests.test_online_status.TestUserOnlineStatus" name="test_conversations_list_participants_include_online_status" time="1.523" /><testcase classname="backend.tests.test_online_status.TestExistingUserOnlineStatus" name="test_login_existing_user_get_status" time="1.111" /><testcase classname="backend.tests.test_online_status.TestLastSeenFunctionality" name="test_last_seen_field_exists_in_user_schema" time="0.827" /><testcase classname="backend.tests.test_online_status.TestLastSeenFunctionality" name="test_users_endpoint_returns_last_seen" time="1.171" /><testcase classname="backend.tests.test_online_status.TestWebSocketStatusEvents" name="test_websocket_endpoint_exists" time="0.346" /></testsuite></testsuites>