<?xml version="1.0" encoding="utf-8"?><testsuites name="pytest tests"><testsuite name="pytest" errors="0" failures="0" skipped="0" tests="14" time="5.707" timestamp="2026-03-16T10:43:35.849316+00:00" hostname="agent-env-27951550-e2d0-4d95-809e-8ed7ad8346ec"><testcase classname="backend.tests.test_post_management.TestPostManagement" name="test_create_post_for_testing" time="0.370" /><testcase classname="backend.tests.test_post_management.TestPostManagement" name="test_edit_post_success" time="0.768" /><testcase classname="backend.tests.test_post_management.TestPostManagement" name="test_edit_post_shows_edited_label" time="0.499" /><testcase classname="backend.tests.test_post_management.TestPostManagement" name="test_highlight_post_toggle" time="0.655" /><testcase classname="backend.tests.test_post_management.TestPostManagement" name="test_delete_post_success" time="0.405" /><testcase classname="backend.tests.test_post_management.TestPostManagement" name="test_delete_post_not_found" time="0.247" /><testcase classname="backend.tests.test_post_management.TestPostManagement" name="test_edit_other_user_post_forbidden" time="0.393" /><testcase classname="backend.tests.test_post_management.TestPostManagement" name="test_highlight_other_user_post_forbidden" time="0.381" /><testcase classname="backend.tests.test_post_management.TestPostManagement" name="test_delete_other_user_post_forbidden" time="0.377" /><testcase classname="backend.tests.test_post_management.TestPostManagement" name="test_home_feed_shows_highlighted_posts" time="0.790" /><testcase classname="backend.tests.test_post_management.TestPostDropdownMenu" name="test_share_post_endpoint" time="0.398" /><testcase classname="backend.tests.test_post_management.TestAuthRequirements" name="test_edit_post_requires_auth" time="0.116" /><testcase classname="backend.tests.test_post_management.TestAuthRequirements" name="test_highlight_post_requires_auth" time="0.120" /><testcase classname="backend.tests.test_post_management.TestAuthRequirements" name="test_delete_post_requires_auth" time="0.118" /></testsuite></testsuites>