<?xml version="1.0" encoding="utf-8"?><testsuites name="pytest tests"><testsuite name="pytest" errors="0" failures="0" skipped="2" tests="17" time="2.521" timestamp="2026-03-30T22:16:44.814922+00:00" hostname="agent-env-27951550-e2d0-4d95-809e-8ed7ad8346ec"><testcase classname="backend.tests.test_profile_notifications_api.TestProfileAPI" name="test_get_my_profile" time="0.241" /><testcase classname="backend.tests.test_profile_notifications_api.TestProfileAPI" name="test_get_profile_unauthorized" time="0.107" /><testcase classname="backend.tests.test_profile_notifications_api.TestProfileAPI" name="test_update_profile" time="0.274" /><testcase classname="backend.tests.test_profile_notifications_api.TestProfileAPI" name="test_get_my_friends" time="0.155" /><testcase classname="backend.tests.test_profile_notifications_api.TestProfileAPI" name="test_get_my_posts" time="0.109" /><testcase classname="backend.tests.test_profile_notifications_api.TestProfileAPI" name="test_get_mutual_friends" time="0.119" /><testcase classname="backend.tests.test_profile_notifications_api.TestProfileAPI" name="test_avatar_upload_endpoint_exists" time="0.112" /><testcase classname="backend.tests.test_profile_notifications_api.TestProfileAPI" name="test_cover_upload_endpoint_exists" time="0.112" /><testcase classname="backend.tests.test_profile_notifications_api.TestNotificationsAPI" name="test_get_notifications" time="0.104" /><testcase classname="backend.tests.test_profile_notifications_api.TestNotificationsAPI" name="test_get_notifications_unauthorized" time="0.125" /><testcase classname="backend.tests.test_profile_notifications_api.TestNotificationsAPI" name="test_get_unread_count" time="0.104" /><testcase classname="backend.tests.test_profile_notifications_api.TestNotificationsAPI" name="test_mark_all_read" time="0.269" /><testcase classname="backend.tests.test_profile_notifications_api.TestNotificationsAPI" name="test_mark_single_notification_read" time="0.160"><skipped type="pytest.skip" message="No notifications to test mark as read">/app/backend/tests/test_profile_notifications_api.py:259: No notifications to test mark as read</skipped></testcase><testcase classname="backend.tests.test_profile_notifications_api.TestNotificationsAPI" name="test_delete_notification" time="0.102"><skipped type="pytest.skip" message="No notifications to test delete">/app/backend/tests/test_profile_notifications_api.py:280: No notifications to test delete</skipped></testcase><testcase classname="backend.tests.test_profile_notifications_api.TestNotificationsAPI" name="test_delete_nonexistent_notification" time="0.136" /><testcase classname="backend.tests.test_profile_notifications_api.TestProfileNotificationsIntegration" name="test_profile_api_returns_correct_structure" time="0.106" /><testcase classname="backend.tests.test_profile_notifications_api.TestProfileNotificationsIntegration" name="test_notifications_api_returns_correct_structure" time="0.100" /></testsuite></testsuites>