<?xml version="1.0" encoding="utf-8"?><testsuites name="pytest tests"><testsuite name="pytest" errors="0" failures="0" skipped="0" tests="7" time="1.605" timestamp="2026-03-14T03:09:18.260952+00:00" hostname="agent-env-27951550-e2d0-4d95-809e-8ed7ad8346ec"><testcase classname="backend.tests.test_push_notifications.TestVapidPublicKey" name="test_get_vapid_public_key" time="0.134" /><testcase classname="backend.tests.test_push_notifications.TestPushSubscription" name="test_subscribe_to_push" time="0.230" /><testcase classname="backend.tests.test_push_notifications.TestPushSubscription" name="test_subscribe_without_auth_fails" time="0.105" /><testcase classname="backend.tests.test_push_notifications.TestPushSubscription" name="test_subscribe_with_invalid_data_fails" time="0.212" /><testcase classname="backend.tests.test_push_notifications.TestPushSubscription" name="test_unsubscribe_from_push" time="0.375" /><testcase classname="backend.tests.test_push_notifications.TestPushSubscription" name="test_unsubscribe_without_auth_fails" time="0.149" /><testcase classname="backend.tests.test_push_notifications.TestPushSubscription" name="test_subscription_upsert" time="0.340" /></testsuite></testsuites>