<?xml version="1.0" encoding="utf-8"?><testsuites name="pytest tests"><testsuite name="pytest" errors="0" failures="0" skipped="0" tests="15" time="4.852" timestamp="2026-03-16T17:03:13.855549+00:00" hostname="agent-env-27951550-e2d0-4d95-809e-8ed7ad8346ec"><testcase classname="backend.tests.test_calls_api.TestCallsAPI" name="test_initiate_video_call" time="0.563" /><testcase classname="backend.tests.test_calls_api.TestCallsAPI" name="test_initiate_audio_call" time="0.142" /><testcase classname="backend.tests.test_calls_api.TestCallsAPI" name="test_initiate_call_invalid_recipient" time="0.156" /><testcase classname="backend.tests.test_calls_api.TestCallsAPI" name="test_initiate_call_without_token" time="0.145" /><testcase classname="backend.tests.test_calls_api.TestCallsAPI" name="test_answer_call" time="0.316" /><testcase classname="backend.tests.test_calls_api.TestCallsAPI" name="test_answer_call_unauthorized" time="0.307" /><testcase classname="backend.tests.test_calls_api.TestCallsAPI" name="test_reject_call" time="0.294" /><testcase classname="backend.tests.test_calls_api.TestCallsAPI" name="test_end_call" time="0.425" /><testcase classname="backend.tests.test_calls_api.TestCallsAPI" name="test_end_call_as_recipient" time="0.401" /><testcase classname="backend.tests.test_calls_api.TestCallsAPI" name="test_send_call_signal" time="0.292" /><testcase classname="backend.tests.test_calls_api.TestCallsAPI" name="test_send_offer_signal" time="0.283" /><testcase classname="backend.tests.test_calls_api.TestCallsAPI" name="test_get_call_history" time="0.133" /><testcase classname="backend.tests.test_calls_api.TestCallsAPI" name="test_get_call_history_limit" time="0.141" /><testcase classname="backend.tests.test_calls_api.TestCallsAPI" name="test_get_call_history_without_token" time="0.133" /><testcase classname="backend.tests.test_calls_api.TestMessageDeletion" name="test_delete_message_completely_removes_from_ui" time="1.068" /></testsuite></testsuites>