<?xml version="1.0" encoding="utf-8"?><testsuites name="pytest tests"><testsuite name="pytest" errors="0" failures="0" skipped="0" tests="19" time="6.161" timestamp="2026-03-14T02:07:23.055233+00:00" hostname="agent-env-27951550-e2d0-4d95-809e-8ed7ad8346ec"><testcase classname="backend.tests.test_auth_chat.TestHealthCheck" name="test_health_endpoint" time="0.181" /><testcase classname="backend.tests.test_auth_chat.TestUserAuthentication" name="test_register_new_user" time="0.122" /><testcase classname="backend.tests.test_auth_chat.TestUserAuthentication" name="test_register_duplicate_user_fails" time="0.303" /><testcase classname="backend.tests.test_auth_chat.TestUserAuthentication" name="test_login_with_valid_credentials" time="0.232" /><testcase classname="backend.tests.test_auth_chat.TestUserAuthentication" name="test_login_existing_test_user" time="0.133" /><testcase classname="backend.tests.test_auth_chat.TestUserAuthentication" name="test_login_invalid_credentials_fails" time="0.157" /><testcase classname="backend.tests.test_auth_chat.TestUserAuthentication" name="test_get_current_user_with_token" time="0.226" /><testcase classname="backend.tests.test_auth_chat.TestUserAuthentication" name="test_get_current_user_invalid_token_fails" time="0.123" /><testcase classname="backend.tests.test_auth_chat.TestChatConversations" name="test_get_conversations_empty" time="0.224" /><testcase classname="backend.tests.test_auth_chat.TestChatConversations" name="test_create_conversation" time="0.367" /><testcase classname="backend.tests.test_auth_chat.TestChatConversations" name="test_create_duplicate_conversation_returns_existing" time="0.472" /><testcase classname="backend.tests.test_auth_chat.TestChatConversations" name="test_get_conversation_by_id" time="0.495" /><testcase classname="backend.tests.test_auth_chat.TestChatMessages" name="test_send_text_message" time="0.470" /><testcase classname="backend.tests.test_auth_chat.TestChatMessages" name="test_get_messages" time="0.590" /><testcase classname="backend.tests.test_auth_chat.TestChatMessages" name="test_mark_messages_as_read" time="0.627" /><testcase classname="backend.tests.test_auth_chat.TestChatMessages" name="test_conversation_not_found" time="0.531" /><testcase classname="backend.tests.test_auth_chat.TestUserSearch" name="test_get_users_list" time="0.216" /><testcase classname="backend.tests.test_auth_chat.TestUserSearch" name="test_search_users" time="0.341" /><testcase classname="backend.tests.test_auth_chat.TestStatsEndpoint" name="test_get_stats" time="0.120" /></testsuite></testsuites>