<?xml version="1.0" encoding="utf-8"?><testsuites name="pytest tests"><testsuite name="pytest" errors="0" failures="0" skipped="0" tests="22" time="4.675" timestamp="2026-03-14T17:56:25.111935+00:00" hostname="agent-env-27951550-e2d0-4d95-809e-8ed7ad8346ec"><testcase classname="backend.tests.test_reels.TestReelsAPI" name="test_create_reel_success" time="0.586" /><testcase classname="backend.tests.test_reels.TestReelsAPI" name="test_create_reel_without_caption" time="0.282" /><testcase classname="backend.tests.test_reels.TestReelsAPI" name="test_create_reel_unauthorized" time="0.107" /><testcase classname="backend.tests.test_reels.TestReelsAPI" name="test_get_reels_feed_success" time="0.120" /><testcase classname="backend.tests.test_reels.TestReelsAPI" name="test_get_reels_with_pagination" time="0.111" /><testcase classname="backend.tests.test_reels.TestReelsAPI" name="test_get_reels_unauthorized" time="0.123" /><testcase classname="backend.tests.test_reels.TestReelsAPI" name="test_get_single_reel_success" time="0.212" /><testcase classname="backend.tests.test_reels.TestReelsAPI" name="test_get_single_reel_not_found" time="0.108" /><testcase classname="backend.tests.test_reels.TestReelsAPI" name="test_like_reel_success" time="0.135" /><testcase classname="backend.tests.test_reels.TestReelsAPI" name="test_unlike_reel_toggle" time="0.244" /><testcase classname="backend.tests.test_reels.TestReelsAPI" name="test_like_nonexistent_reel" time="0.124" /><testcase classname="backend.tests.test_reels.TestReelsAPI" name="test_get_comments_empty" time="0.122" /><testcase classname="backend.tests.test_reels.TestReelsAPI" name="test_add_comment_success" time="0.125" /><testcase classname="backend.tests.test_reels.TestReelsAPI" name="test_add_comment_to_nonexistent_reel" time="0.114" /><testcase classname="backend.tests.test_reels.TestReelsAPI" name="test_add_comment_unauthorized" time="0.120" /><testcase classname="backend.tests.test_reels.TestReelsAPI" name="test_comments_count_increment" time="0.363" /><testcase classname="backend.tests.test_reels.TestReelsAPI" name="test_share_reel_success" time="0.231" /><testcase classname="backend.tests.test_reels.TestReelsAPI" name="test_share_nonexistent_reel" time="0.119" /><testcase classname="backend.tests.test_reels.TestReelsAPI" name="test_delete_reel_unauthorized_user" time="0.337" /><testcase classname="backend.tests.test_reels.TestReelsAPI" name="test_delete_reel_success" time="0.341" /><testcase classname="backend.tests.test_reels.TestReelsAPI" name="test_delete_nonexistent_reel" time="0.108" /><testcase classname="backend.tests.test_reels.TestReelsAPI" name="test_like_comment_success" time="0.464" /></testsuite></testsuites>