<?xml version="1.0" encoding="utf-8"?><testsuites name="pytest tests"><testsuite name="pytest" errors="0" failures="0" skipped="0" tests="16" time="4.288" timestamp="2026-03-18T09:59:20.536633+00:00" hostname="agent-env-27951550-e2d0-4d95-809e-8ed7ad8346ec"><testcase classname="backend.tests.test_refactored_routes.TestHealthCheck" name="test_health_check" time="0.227" /><testcase classname="backend.tests.test_refactored_routes.TestPushRoutes" name="test_get_vapid_public_key" time="0.123" /><testcase classname="backend.tests.test_refactored_routes.TestAuthRoutes" name="test_register_user" time="0.156" /><testcase classname="backend.tests.test_refactored_routes.TestAuthRoutes" name="test_login_user" time="0.287" /><testcase classname="backend.tests.test_refactored_routes.TestUsersRoutes" name="test_get_users_requires_auth" time="0.139" /><testcase classname="backend.tests.test_refactored_routes.TestUsersRoutes" name="test_get_users_with_auth" time="0.235" /><testcase classname="backend.tests.test_refactored_routes.TestUsersRoutes" name="test_search_users" time="0.155" /><testcase classname="backend.tests.test_refactored_routes.TestFriendsRoutes" name="test_get_friends_requires_auth" time="0.115" /><testcase classname="backend.tests.test_refactored_routes.TestFriendsRoutes" name="test_get_friends_with_auth" time="0.253" /><testcase classname="backend.tests.test_refactored_routes.TestFriendsRoutes" name="test_get_friend_requests" time="0.127" /><testcase classname="backend.tests.test_refactored_routes.TestSearchRoutes" name="test_universal_search_requires_auth" time="0.137" /><testcase classname="backend.tests.test_refactored_routes.TestSearchRoutes" name="test_universal_search_with_auth" time="0.274" /><testcase classname="backend.tests.test_refactored_routes.TestCallsRoutes" name="test_get_call_history_requires_auth" time="0.146" /><testcase classname="backend.tests.test_refactored_routes.TestCallsRoutes" name="test_get_call_history_with_auth" time="0.268" /><testcase classname="backend.tests.test_refactored_routes.TestAIRoutes" name="test_get_ai_personas_requires_auth" time="0.118" /><testcase classname="backend.tests.test_refactored_routes.TestAIRoutes" name="test_get_ai_personas_with_auth" time="1.453" /></testsuite></testsuites>