<?xml version="1.0" encoding="utf-8"?><testsuites name="pytest tests"><testsuite name="pytest" errors="0" failures="0" skipped="0" tests="10" time="3.267" timestamp="2026-03-16T13:25:56.518534+00:00" hostname="agent-env-27951550-e2d0-4d95-809e-8ed7ad8346ec"><testcase classname="backend.tests.test_settings_endpoints.TestAuthentication" name="test_login_success" time="0.258" /><testcase classname="backend.tests.test_settings_endpoints.TestAuthentication" name="test_login_invalid_credentials" time="0.151" /><testcase classname="backend.tests.test_settings_endpoints.TestAuthentication" name="test_get_current_user" time="0.275" /><testcase classname="backend.tests.test_settings_endpoints.TestPasswordChange" name="test_change_password_wrong_current" time="0.286" /><testcase classname="backend.tests.test_settings_endpoints.TestPasswordChange" name="test_change_password_success_and_revert" time="0.564" /><testcase classname="backend.tests.test_settings_endpoints.TestPasswordChange" name="test_change_password_unauthorized" time="0.129" /><testcase classname="backend.tests.test_settings_endpoints.TestProfileUpdate" name="test_update_display_name" time="0.653" /><testcase classname="backend.tests.test_settings_endpoints.TestProfileUpdate" name="test_update_phone" time="0.280" /><testcase classname="backend.tests.test_settings_endpoints.TestProfileUpdate" name="test_update_profile_unauthorized" time="0.167" /><testcase classname="backend.tests.test_settings_endpoints.TestLogout" name="test_logout" time="0.421" /></testsuite></testsuites>