<?xml version="1.0" encoding="utf-8"?><testsuites name="pytest tests"><testsuite name="pytest" errors="0" failures="0" skipped="0" tests="8" time="1.263" timestamp="2026-03-16T09:28:12.657263+00:00" hostname="agent-env-27951550-e2d0-4d95-809e-8ed7ad8346ec"><testcase classname="backend.tests.test_social_auth.TestSocialAuth" name="test_google_oauth_endpoint_exists" time="0.257" /><testcase classname="backend.tests.test_social_auth.TestSocialAuth" name="test_google_oauth_rejects_empty_session" time="0.147" /><testcase classname="backend.tests.test_social_auth.TestSocialAuth" name="test_google_oauth_without_session_param" time="0.113" /><testcase classname="backend.tests.test_social_auth.TestEmailPasswordAuth" name="test_login_with_valid_credentials" time="0.112" /><testcase classname="backend.tests.test_social_auth.TestEmailPasswordAuth" name="test_login_with_invalid_credentials" time="0.140" /><testcase classname="backend.tests.test_social_auth.TestEmailPasswordAuth" name="test_register_new_user" time="0.113" /><testcase classname="backend.tests.test_social_auth.TestEmailPasswordAuth" name="test_auth_me_with_valid_token" time="0.222" /><testcase classname="backend.tests.test_social_auth.TestAuthCallbackRoute" name="test_auth_callback_route_exists" time="0.101" /></testsuite></testsuites>