<?xml version="1.0" encoding="utf-8"?><testsuites name="pytest tests"><testsuite name="pytest" errors="0" failures="1" skipped="0" tests="32" time="5.755" timestamp="2026-03-18T05:20:09.655673+00:00" hostname="agent-env-27951550-e2d0-4d95-809e-8ed7ad8346ec"><testcase classname="backend.tests.test_stories_explore_saved.TestStoriesAPI" name="test_create_story_text_only" time="0.229" /><testcase classname="backend.tests.test_stories_explore_saved.TestStoriesAPI" name="test_create_story_requires_content_or_media" time="0.111" /><testcase classname="backend.tests.test_stories_explore_saved.TestStoriesAPI" name="test_get_stories_feed" time="0.103" /><testcase classname="backend.tests.test_stories_explore_saved.TestStoriesAPI" name="test_get_single_story" time="0.213" /><testcase classname="backend.tests.test_stories_explore_saved.TestStoriesAPI" name="test_mark_story_viewed" time="0.204" /><testcase classname="backend.tests.test_stories_explore_saved.TestStoriesAPI" name="test_get_story_viewers" time="0.210" /><testcase classname="backend.tests.test_stories_explore_saved.TestStoriesAPI" name="test_delete_story" time="0.217"><failure message="AssertionError: Failed to delete story: {&quot;detail&quot;:&quot;Story not found&quot;}&#10;assert 404 == 200&#10; +  where 404 = &lt;Response [404]&gt;.status_code">backend/tests/test_stories_explore_saved.py:189: in test_delete_story
    assert response.status_code == 200, f"Failed to delete story: {response.text}"
E   AssertionError: Failed to delete story: {"detail":"Story not found"}
E   assert 404 == 200
E    +  where 404 = &lt;Response [404]&gt;.status_code</failure></testcase><testcase classname="backend.tests.test_stories_explore_saved.TestStoriesAPI" name="test_story_requires_authentication" time="0.102" /><testcase classname="backend.tests.test_stories_explore_saved.TestExploreAPI" name="test_get_explore_feed_all" time="0.110" /><testcase classname="backend.tests.test_stories_explore_saved.TestExploreAPI" name="test_get_explore_feed_photos" time="0.105" /><testcase classname="backend.tests.test_stories_explore_saved.TestExploreAPI" name="test_get_explore_feed_videos" time="0.111" /><testcase classname="backend.tests.test_stories_explore_saved.TestExploreAPI" name="test_get_explore_feed_reels" time="0.115" /><testcase classname="backend.tests.test_stories_explore_saved.TestExploreAPI" name="test_explore_search_users" time="0.107" /><testcase classname="backend.tests.test_stories_explore_saved.TestExploreAPI" name="test_explore_search_posts" time="0.117" /><testcase classname="backend.tests.test_stories_explore_saved.TestExploreAPI" name="test_explore_search_hashtags" time="0.116" /><testcase classname="backend.tests.test_stories_explore_saved.TestExploreAPI" name="test_explore_search_all_types" time="0.107" /><testcase classname="backend.tests.test_stories_explore_saved.TestExploreAPI" name="test_explore_search_query_too_short" time="0.107" /><testcase classname="backend.tests.test_stories_explore_saved.TestExploreAPI" name="test_get_for_you_feed" time="0.115" /><testcase classname="backend.tests.test_stories_explore_saved.TestExploreAPI" name="test_get_trending" time="0.106" /><testcase classname="backend.tests.test_stories_explore_saved.TestExploreAPI" name="test_get_suggested_users" time="0.107" /><testcase classname="backend.tests.test_stories_explore_saved.TestExploreAPI" name="test_explore_requires_authentication" time="0.096" /><testcase classname="backend.tests.test_stories_explore_saved.TestSavedPostsAPI" name="test_save_post_toggle" time="0.311" /><testcase classname="backend.tests.test_stories_explore_saved.TestSavedPostsAPI" name="test_save_nonexistent_post" time="0.103" /><testcase classname="backend.tests.test_stories_explore_saved.TestSavedPostsAPI" name="test_get_saved_posts" time="0.224" /><testcase classname="backend.tests.test_stories_explore_saved.TestSavedPostsAPI" name="test_check_saved_status" time="0.100" /><testcase classname="backend.tests.test_stories_explore_saved.TestSavedPostsAPI" name="test_unsave_post_delete" time="0.322" /><testcase classname="backend.tests.test_stories_explore_saved.TestSavedPostsAPI" name="test_saved_requires_authentication" time="0.102" /><testcase classname="backend.tests.test_stories_explore_saved.TestCollectionsAPI" name="test_create_collection" time="0.106" /><testcase classname="backend.tests.test_stories_explore_saved.TestCollectionsAPI" name="test_get_collections" time="0.099" /><testcase classname="backend.tests.test_stories_explore_saved.TestCollectionsAPI" name="test_add_post_to_collection" time="0.199" /><testcase classname="backend.tests.test_stories_explore_saved.TestCollectionsAPI" name="test_delete_collection" time="0.212" /><testcase classname="backend.tests.test_stories_explore_saved.TestHomePageStoriesIntegration" name="test_stories_feed_returns_correct_structure_for_frontend" time="1.054" /></testsuite></testsuites>