<?xml version="1.0" encoding="utf-8"?><testsuites name="pytest tests"><testsuite name="pytest" errors="0" failures="0" skipped="0" tests="13" time="5.015" timestamp="2026-03-26T20:03:54.734645+00:00" hostname="agent-env-27951550-e2d0-4d95-809e-8ed7ad8346ec"><testcase classname="backend.tests.test_call_apis.TestCallAPIs" name="test_initiate_video_call_valid" time="0.476" /><testcase classname="backend.tests.test_call_apis.TestCallAPIs" name="test_initiate_audio_call_valid" time="0.288" /><testcase classname="backend.tests.test_call_apis.TestCallAPIs" name="test_initiate_call_invalid_recipient" time="0.155" /><testcase classname="backend.tests.test_call_apis.TestCallAPIs" name="test_initiate_call_without_token" time="0.135" /><testcase classname="backend.tests.test_call_apis.TestCallAPIs" name="test_get_call_history" time="0.129" /><testcase classname="backend.tests.test_call_apis.TestCallAPIs" name="test_get_call_history_with_limit" time="0.155" /><testcase classname="backend.tests.test_call_apis.TestCallAPIs" name="test_get_call_history_without_token" time="0.121" /><testcase classname="backend.tests.test_call_apis.TestCallAPIs" name="test_end_call" time="0.580" /><testcase classname="backend.tests.test_call_apis.TestCallAPIs" name="test_end_nonexistent_call" time="0.113" /><testcase classname="backend.tests.test_call_apis.TestCallAPIs" name="test_send_call_signal" time="1.791" /><testcase classname="backend.tests.test_call_apis.TestCallAPIs" name="test_send_ice_candidate_signal" time="0.474" /><testcase classname="backend.tests.test_call_apis.TestCallDataValidation" name="test_call_history_data_structure" time="0.115" /><testcase classname="backend.tests.test_call_apis.TestCallDataValidation" name="test_initiate_call_response_structure" time="0.366" /></testsuite></testsuites>